<?xml version="1.0" encoding="UTF-8"?>
<robot generator="Robot 7.4.2 (Python 3.10.11 on win32)" generated="2026-03-14T18:28:25.945808" rpa="false" schemaversion="5">
<suite id="s1" name="TS MainStats" source="D:\Choedtrakun\MeowScannerWebForTest\Test\TS_MainStats.robot">
<test id="s1-t1" name="TC-M01 New User Shows Discovery Message" line="8">
<kw name="Open Browser To Login Page" owner="resource">
<kw name="Open Browser" owner="SeleniumLibrary">
<msg time="2026-03-14T18:28:26.174122" level="INFO">Opening browser 'Chrome' to base url 'https://test-deploy-se-4aqv.vercel.app/login'.</msg>
<arg>${LOGIN_URL}</arg>
<arg>${BROWSER}</arg>
<doc>Opens a new browser instance to the optional ``url``.</doc>
<status status="PASS" start="2026-03-14T18:28:26.174122" elapsed="1.564561"/>
</kw>
<kw name="Maximize Browser Window" owner="SeleniumLibrary">
<doc>Maximizes current browser window.</doc>
<status status="PASS" start="2026-03-14T18:28:27.738683" elapsed="0.036253"/>
</kw>
<kw name="Set Selenium Speed" owner="SeleniumLibrary">
<arg>${DELAY}</arg>
<doc>Sets the delay that is waited after each Selenium command.</doc>
<status status="PASS" start="2026-03-14T18:28:27.774936" elapsed="0.000000"/>
</kw>
<kw name="Wait Until Page Contains Element" owner="SeleniumLibrary">
<arg>name=username</arg>
<arg>${TIMEOUT}</arg>
<doc>Waits until the element ``locator`` appears on the current page.</doc>
<status status="PASS" start="2026-03-14T18:28:27.774936" elapsed="0.320343"/>
</kw>
<status status="PASS" start="2026-03-14T18:28:26.172956" elapsed="1.922323"/>
</kw>
<kw name="Login With Valid Credentials" owner="resource">
<kw name="Input Username" owner="resource">
<kw name="Input Text" owner="SeleniumLibrary">
<msg time="2026-03-14T18:28:28.096271" level="INFO">Typing text 'zTER' into text field 'name=username'.</msg>
<arg>name=username</arg>
<arg>${username}</arg>
<doc>Types the given ``text`` into the text field identified by ``locator``.</doc>
<status status="PASS" start="2026-03-14T18:28:28.096271" elapsed="0.996930"/>
</kw>
<arg>${VALID_USER}</arg>
<status status="PASS" start="2026-03-14T18:28:28.095279" elapsed="0.997922"/>
</kw>
<kw name="Input Password" owner="resource">
<kw name="Input Text" owner="SeleniumLibrary">
<msg time="2026-03-14T18:28:29.094460" level="INFO">Typing text '0991829676c' into text field 'name=password'.</msg>
<arg>name=password</arg>
<arg>${password}</arg>
<doc>Types the given ``text`` into the text field identified by ``locator``.</doc>
<status status="PASS" start="2026-03-14T18:28:29.093201" elapsed="0.985722"/>
</kw>
<arg>${VALID_PASSWORD}</arg>
<status status="PASS" start="2026-03-14T18:28:29.093201" elapsed="0.985722"/>
</kw>
<kw name="Click Login Button" owner="resource">
<kw name="Click Element" owner="SeleniumLibrary">
<msg time="2026-03-14T18:28:30.079917" level="INFO">Clicking element 'css=.login-btn'.</msg>
<arg>css=.login-btn</arg>
<doc>Click the element identified by ``locator``.</doc>
<status status="PASS" start="2026-03-14T18:28:30.079917" elapsed="0.656458"/>
</kw>
<status status="PASS" start="2026-03-14T18:28:30.078923" elapsed="0.657452"/>
</kw>
<kw name="Wait Until Location Contains" owner="SeleniumLibrary">
<arg>/main</arg>
<arg>${TIMEOUT}</arg>
<doc>Waits until the current URL contains ``expected``.</doc>
<status status="PASS" start="2026-03-14T18:28:30.736375" elapsed="1.343479"/>
</kw>
<status status="PASS" start="2026-03-14T18:28:28.095279" elapsed="3.984575"/>
</kw>
<kw name="Sleep" owner="BuiltIn">
<msg time="2026-03-14T18:28:34.091524" level="INFO">Slept 2 seconds.</msg>
<arg>2s</arg>
<doc>Pauses the test executed for the given time.</doc>
<status status="PASS" start="2026-03-14T18:28:32.079854" elapsed="2.011670"/>
</kw>
<kw name="Close Browser" owner="SeleniumLibrary" type="TEARDOWN">
<doc>Closes the current browser.</doc>
<status status="PASS" start="2026-03-14T18:28:34.091524" elapsed="2.382612"/>
</kw>
<doc>EP: user ใหม่ (0 predictions) → "Start your cat discovery journey"</doc>
<tag>manual</tag>
<status status="PASS" start="2026-03-14T18:28:26.171964" elapsed="10.302172"/>
</test>
<test id="s1-t2" name="TC-M02 Active User Shows Stats" line="18">
<kw name="Open Browser To Login Page" owner="resource">
<kw name="Open Browser" owner="SeleniumLibrary">
<msg time="2026-03-14T18:28:36.475133" level="INFO">Opening browser 'Chrome' to base url 'https://test-deploy-se-4aqv.vercel.app/login'.</msg>
<arg>${LOGIN_URL}</arg>
<arg>${BROWSER}</arg>
<doc>Opens a new browser instance to the optional ``url``.</doc>
<status status="PASS" start="2026-03-14T18:28:36.475133" elapsed="1.866057"/>
</kw>
<kw name="Maximize Browser Window" owner="SeleniumLibrary">
<doc>Maximizes current browser window.</doc>
<status status="PASS" start="2026-03-14T18:28:38.341190" elapsed="0.344267"/>
</kw>
<kw name="Set Selenium Speed" owner="SeleniumLibrary">
<arg>${DELAY}</arg>
<doc>Sets the delay that is waited after each Selenium command.</doc>
<status status="PASS" start="2026-03-14T18:28:38.685457" elapsed="0.000000"/>
</kw>
<kw name="Wait Until Page Contains Element" owner="SeleniumLibrary">
<arg>name=username</arg>
<arg>${TIMEOUT}</arg>
<doc>Waits until the element ``locator`` appears on the current page.</doc>
<status status="PASS" start="2026-03-14T18:28:38.685457" elapsed="0.309854"/>
</kw>
<status status="PASS" start="2026-03-14T18:28:36.475133" elapsed="2.520178"/>
</kw>
<kw name="Login With Valid Credentials" owner="resource">
<kw name="Input Username" owner="resource">
<kw name="Input Text" owner="SeleniumLibrary">
<msg time="2026-03-14T18:28:38.996303" level="INFO">Typing text 'zTER' into text field 'name=username'.</msg>
<arg>name=username</arg>
<arg>${username}</arg>
<doc>Types the given ``text`` into the text field identified by ``locator``.</doc>
<status status="PASS" start="2026-03-14T18:28:38.996303" elapsed="1.010051"/>
</kw>
<arg>${VALID_USER}</arg>
<status status="PASS" start="2026-03-14T18:28:38.995311" elapsed="1.011043"/>
</kw>
<kw name="Input Password" owner="resource">
<kw name="Input Text" owner="SeleniumLibrary">
<msg time="2026-03-14T18:28:40.007864" level="INFO">Typing text '0991829676c' into text field 'name=password'.</msg>
<arg>name=password</arg>
<arg>${password}</arg>
<doc>Types the given ``text`` into the text field identified by ``locator``.</doc>
<status status="PASS" start="2026-03-14T18:28:40.006858" elapsed="0.984483"/>
</kw>
<arg>${VALID_PASSWORD}</arg>
<status status="PASS" start="2026-03-14T18:28:40.006858" elapsed="0.984483"/>
</kw>
<kw name="Click Login Button" owner="resource">
<kw name="Click Element" owner="SeleniumLibrary">
<msg time="2026-03-14T18:28:40.991341" level="INFO">Clicking element 'css=.login-btn'.</msg>
<arg>css=.login-btn</arg>
<doc>Click the element identified by ``locator``.</doc>
<status status="PASS" start="2026-03-14T18:28:40.991341" elapsed="0.655478"/>
</kw>
<status status="PASS" start="2026-03-14T18:28:40.991341" elapsed="0.655478"/>
</kw>
<kw name="Wait Until Location Contains" owner="SeleniumLibrary">
<arg>/main</arg>
<arg>${TIMEOUT}</arg>
<doc>Waits until the current URL contains ``expected``.</doc>
<status status="PASS" start="2026-03-14T18:28:41.646819" elapsed="1.346099"/>
</kw>
<status status="PASS" start="2026-03-14T18:28:38.995311" elapsed="3.997607"/>
</kw>
<kw name="Sleep" owner="BuiltIn">
<msg time="2026-03-14T18:28:45.004721" level="INFO">Slept 2 seconds.</msg>
<arg>2s</arg>
<doc>Pauses the test executed for the given time.</doc>
<status status="PASS" start="2026-03-14T18:28:42.992918" elapsed="2.011803"/>
</kw>
<kw name="Close Browser" owner="SeleniumLibrary" type="TEARDOWN">
<doc>Closes the current browser.</doc>
<status status="PASS" start="2026-03-14T18:28:45.004721" elapsed="2.371443"/>
</kw>
<doc>EP: user ที่มี history → แสดง predictions_made, cats_discovered, locations_mapped</doc>
<status status="PASS" start="2026-03-14T18:28:36.474136" elapsed="10.902028"/>
</test>
<test id="s1-t3" name="TC-M03 Welcome Message Shows User Name" line="26">
<kw name="Open Browser To Login Page" owner="resource">
<kw name="Open Browser" owner="SeleniumLibrary">
<msg time="2026-03-14T18:28:47.378186" level="INFO">Opening browser 'Chrome' to base url 'https://test-deploy-se-4aqv.vercel.app/login'.</msg>
<arg>${LOGIN_URL}</arg>
<arg>${BROWSER}</arg>
<doc>Opens a new browser instance to the optional ``url``.</doc>
<status status="PASS" start="2026-03-14T18:28:47.378186" elapsed="1.924680"/>
</kw>
<kw name="Maximize Browser Window" owner="SeleniumLibrary">
<doc>Maximizes current browser window.</doc>
<status status="PASS" start="2026-03-14T18:28:49.302866" elapsed="0.343660"/>
</kw>
<kw name="Set Selenium Speed" owner="SeleniumLibrary">
<arg>${DELAY}</arg>
<doc>Sets the delay that is waited after each Selenium command.</doc>
<status status="PASS" start="2026-03-14T18:28:49.646526" elapsed="0.000000"/>
</kw>
<kw name="Wait Until Page Contains Element" owner="SeleniumLibrary">
<arg>name=username</arg>
<arg>${TIMEOUT}</arg>
<doc>Waits until the element ``locator`` appears on the current page.</doc>
<status status="PASS" start="2026-03-14T18:28:49.646526" elapsed="0.326452"/>
</kw>
<status status="PASS" start="2026-03-14T18:28:47.377173" elapsed="2.595805"/>
</kw>
<kw name="Login With Valid Credentials" owner="resource">
<kw name="Input Username" owner="resource">
<kw name="Input Text" owner="SeleniumLibrary">
<msg time="2026-03-14T18:28:49.974985" level="INFO">Typing text 'zTER' into text field 'name=username'.</msg>
<arg>name=username</arg>
<arg>${username}</arg>
<doc>Types the given ``text`` into the text field identified by ``locator``.</doc>
<status status="PASS" start="2026-03-14T18:28:49.974985" elapsed="0.994324"/>
</kw>
<arg>${VALID_USER}</arg>
<status status="PASS" start="2026-03-14T18:28:49.973985" elapsed="0.995324"/>
</kw>
<kw name="Input Password" owner="resource">
<kw name="Input Text" owner="SeleniumLibrary">
<msg time="2026-03-14T18:28:50.969309" level="INFO">Typing text '0991829676c' into text field 'name=password'.</msg>
<arg>name=password</arg>
<arg>${password}</arg>
<doc>Types the given ``text`` into the text field identified by ``locator``.</doc>
<status status="PASS" start="2026-03-14T18:28:50.969309" elapsed="0.984942"/>
</kw>
<arg>${VALID_PASSWORD}</arg>
<status status="PASS" start="2026-03-14T18:28:50.969309" elapsed="0.984942"/>
</kw>
<kw name="Click Login Button" owner="resource">
<kw name="Click Element" owner="SeleniumLibrary">
<msg time="2026-03-14T18:28:51.954251" level="INFO">Clicking element 'css=.login-btn'.</msg>
<arg>css=.login-btn</arg>
<doc>Click the element identified by ``locator``.</doc>
<status status="PASS" start="2026-03-14T18:28:51.954251" elapsed="0.653942"/>
</kw>
<status status="PASS" start="2026-03-14T18:28:51.954251" elapsed="0.653942"/>
</kw>
<kw name="Wait Until Location Contains" owner="SeleniumLibrary">
<arg>/main</arg>
<arg>${TIMEOUT}</arg>
<doc>Waits until the current URL contains ``expected``.</doc>
<status status="PASS" start="2026-03-14T18:28:52.608193" elapsed="0.903048"/>
</kw>
<status status="PASS" start="2026-03-14T18:28:49.972978" elapsed="3.538263"/>
</kw>
<kw name="Sleep" owner="BuiltIn">
<msg time="2026-03-14T18:28:55.526212" level="INFO">Slept 2 seconds.</msg>
<arg>2s</arg>
<doc>Pauses the test executed for the given time.</doc>
<status status="PASS" start="2026-03-14T18:28:53.511241" elapsed="2.014971"/>
</kw>
<kw name="Close Browser" owner="SeleniumLibrary" type="TEARDOWN">
<doc>Closes the current browser.</doc>
<status status="PASS" start="2026-03-14T18:28:55.526212" elapsed="2.365216"/>
</kw>
<doc>EP: แสดง "Welcome, {name}" ตรงกับ user ที่ login</doc>
<status status="PASS" start="2026-03-14T18:28:47.377173" elapsed="10.514255"/>
</test>
<doc>TS_MainStats: Verify Main Page Stats (EP)
TC-M01 ~ TC-M02</doc>
<status status="PASS" start="2026-03-14T18:28:25.947807" elapsed="31.943621"/>
</suite>
<statistics>
<total>
<stat pass="3" fail="0" skip="0">All Tests</stat>
</total>
<tag>
<stat pass="1" fail="0" skip="0">manual</stat>
</tag>
<suite>
<stat name="TS MainStats" id="s1" pass="3" fail="0" skip="0">TS MainStats</stat>
</suite>
</statistics>
<errors>
</errors>
</robot>
